0 info it worked if it ends with ok
1 verbose cli [ 'D:\\Program Files\\nodejs\\node.exe',
1 verbose cli   'D:\\Program Files\\nodejs\\node_modules\\npm\\bin\\npm-cli.js',
1 verbose cli   'run',
1 verbose cli   'build' ]
2 info using npm@3.10.10
3 info using node@v6.11.2
4 verbose run-script [ 'prebuild', 'build', 'postbuild' ]
5 info lifecycle policyindexm@~prebuild: policyindexm@
6 silly lifecycle policyindexm@~prebuild: no script for prebuild, continuing
7 info lifecycle policyindexm@~build: policyindexm@
8 verbose lifecycle policyindexm@~build: unsafe-perm in lifecycle true
9 verbose lifecycle policyindexm@~build: PATH: D:\Program Files\nodejs\node_modules\npm\bin\node-gyp-bin;E:\Web\Code\Policyindex_mobile\node_modules\.bin;C:\ProgramData\Oracle\Java\javapath;C:\Program Files (x86)\Intel\iCLS Client\;C:\Program Files\Intel\iCLS Client\;C:\windows\system32;C:\windows;C:\windows\System32\Wbem;C:\windows\System32\WindowsPowerShell\v1.0\;C:\Program Files\Intel\Intel(R) Management Engine Components\DAL;C:\Program Files\Intel\Intel(R) Management Engine Components\IPT;C:\Program Files (x86)\Intel\Intel(R) Management Engine Components\DAL;C:\Program Files (x86)\Intel\Intel(R) Management Engine Components\IPT;C:\Program Files\Lenovo\Bluetooth Software\;C:\Program Files\Lenovo\Bluetooth Software\syswow64;C:\Program Files (x86)\NVIDIA Corporation\PhysX\Common;C:\WINDOWS\system32;C:\WINDOWS;C:\WINDOWS\System32\Wbem;C:\WINDOWS\System32\WindowsPowerShell\v1.0\;C:\Program Files\MySQL\MySQL Server 5.7\bin;D:\Program Files (x86)\pythonxy\SciTE-3.5.1-4;D:\Program Files (x86)\MinGW\bin;C:\Program Files\Microsoft SQL Server\120\Tools\Binn\;D:\xampp\php;C:\ProgramData\ComposerSetup\bin;C:\Go\bin;C:\Program Files\Git\cmd;C:\Program Files (x86)\Pandoc\;D:\Program Files\nodejs\;C:\Anaconda3;C:\Anaconda3\Scripts;C:\Anaconda3\Library\bin;;C:\Users\gowit_000\AppData\Local\Microsoft\WindowsApps;C:\Users\gowit_000\AppData\Roaming\Composer\vendor\bin;C:\Users\gowit_000\AppData\Roaming\npm
10 verbose lifecycle policyindexm@~build: CWD: E:\Web\Code\Policyindex_mobile
11 silly lifecycle policyindexm@~build: Args: [ '/d /s /c', 'node app/script/app.js' ]
12 silly lifecycle policyindexm@~build: Returned: code: 1  signal: null
13 info lifecycle policyindexm@~build: Failed to exec build script
14 verbose stack Error: policyindexm@ build: `node app/script/app.js`
14 verbose stack Exit status 1
14 verbose stack     at EventEmitter.<anonymous> (D:\Program Files\nodejs\node_modules\npm\lib\utils\lifecycle.js:255:16)
14 verbose stack     at emitTwo (events.js:106:13)
14 verbose stack     at EventEmitter.emit (events.js:191:7)
14 verbose stack     at ChildProcess.<anonymous> (D:\Program Files\nodejs\node_modules\npm\lib\utils\spawn.js:40:14)
14 verbose stack     at emitTwo (events.js:106:13)
14 verbose stack     at ChildProcess.emit (events.js:191:7)
14 verbose stack     at maybeClose (internal/child_process.js:891:16)
14 verbose stack     at Process.ChildProcess._handle.onexit (internal/child_process.js:226:5)
15 verbose pkgid policyindexm@
16 verbose cwd E:\Web\Code\Policyindex_mobile
17 error Windows_NT 10.0.14393
18 error argv "D:\\Program Files\\nodejs\\node.exe" "D:\\Program Files\\nodejs\\node_modules\\npm\\bin\\npm-cli.js" "run" "build"
19 error node v6.11.2
20 error npm  v3.10.10
21 error code ELIFECYCLE
22 error policyindexm@ build: `node app/script/app.js`
22 error Exit status 1
23 error Failed at the policyindexm@ build script 'node app/script/app.js'.
23 error Make sure you have the latest version of node.js and npm installed.
23 error If you do, this is most likely a problem with the policyindexm package,
23 error not with npm itself.
23 error Tell the author that this fails on your system:
23 error     node app/script/app.js
23 error You can get information on how to open an issue for this project with:
23 error     npm bugs policyindexm
23 error Or if that isn't available, you can get their info via:
23 error     npm owner ls policyindexm
23 error There is likely additional logging output above.
24 verbose exit [ 1, true ]
